[2025-09-07T23:34:34.787+0000] {manager.py:470} INFO - Processing files using up to 2 processes at a time 
[2025-09-07T23:34:34.788+0000] {manager.py:471} INFO - Process each file at most once every 30 seconds
[2025-09-07T23:34:34.788+0000] {manager.py:472} INFO - Checking for new files in /opt/airflow/dags every 300 seconds
[2025-09-07T23:34:34.789+0000] {manager.py:737} INFO - Searching for files in /opt/airflow/dags
[2025-09-07T23:34:34.805+0000] {manager.py:740} INFO - There are 1 files in /opt/airflow/dags
[2025-09-07T23:34:35.028+0000] {manager.py:878} INFO - 
================================================================================
DAG File Processing Stats

File Path                                 PID  Runtime      # DAGs    # Errors  Last Runtime    Last Run
--------------------------------------  -----  ---------  --------  ----------  --------------  ----------
/opt/airflow/dags/penguins_pipeline.py     26  0.04s             0           0
================================================================================
[2025-09-07T23:35:05.195+0000] {manager.py:878} INFO - 
================================================================================
DAG File Processing Stats

File Path                                 PID  Runtime      # DAGs    # Errors  Last Runtime    Last Run
--------------------------------------  -----  ---------  --------  ----------  --------------  -------------------
/opt/airflow/dags/penguins_pipeline.py    702  0.46s             1           0  0.54s           2025-09-07T23:35:04
================================================================================
[2025-09-07T23:35:35.556+0000] {manager.py:878} INFO - 
================================================================================
DAG File Processing Stats

File Path                                 PID  Runtime      # DAGs    # Errors  Last Runtime    Last Run
--------------------------------------  -----  ---------  --------  ----------  --------------  -------------------
/opt/airflow/dags/penguins_pipeline.py   1430  0.38s             1           0  0.62s           2025-09-07T23:35:35
================================================================================
[2025-09-07T23:36:06.129+0000] {manager.py:878} INFO - 
================================================================================
DAG File Processing Stats

File Path                                 PID  Runtime      # DAGs    # Errors  Last Runtime    Last Run
--------------------------------------  -----  ---------  --------  ----------  --------------  -------------------
/opt/airflow/dags/penguins_pipeline.py   2158  0.00s             1           0  0.57s           2025-09-07T23:36:06
================================================================================
[2025-09-07T23:36:36.565+0000] {manager.py:878} INFO - 
================================================================================
DAG File Processing Stats

File Path                                 PID  Runtime      # DAGs    # Errors  Last Runtime    Last Run
--------------------------------------  -----  ---------  --------  ----------  --------------  -------------------
/opt/airflow/dags/penguins_pipeline.py   2886  0.00s             1           0  0.50s           2025-09-07T23:36:36
================================================================================
[2025-09-07T23:37:06.637+0000] {manager.py:878} INFO - 
================================================================================
DAG File Processing Stats

File Path                                 PID  Runtime      # DAGs    # Errors  Last Runtime    Last Run
--------------------------------------  -----  ---------  --------  ----------  --------------  -------------------
/opt/airflow/dags/penguins_pipeline.py   3601  0.00s             1           0  0.59s           2025-09-07T23:37:06
================================================================================
[2025-09-07T23:37:36.790+0000] {manager.py:878} INFO - 
================================================================================
DAG File Processing Stats

File Path                                 PID  Runtime      # DAGs    # Errors  Last Runtime    Last Run
--------------------------------------  -----  ---------  --------  ----------  --------------  -------------------
/opt/airflow/dags/penguins_pipeline.py   4290  0.36s             1           0  0.64s           2025-09-07T23:37:36
================================================================================
[2025-09-07T23:38:07.068+0000] {manager.py:878} INFO - 
================================================================================
DAG File Processing Stats

File Path                                 PID  Runtime      # DAGs    # Errors  Last Runtime    Last Run
--------------------------------------  -----  ---------  --------  ----------  --------------  -------------------
/opt/airflow/dags/penguins_pipeline.py   4940  0.00s             1           0  0.65s           2025-09-07T23:38:07
================================================================================
[2025-09-07T23:38:37.146+0000] {manager.py:878} INFO - 
================================================================================
DAG File Processing Stats

File Path                                 PID  Runtime      # DAGs    # Errors  Last Runtime    Last Run
--------------------------------------  -----  ---------  --------  ----------  --------------  -------------------
/opt/airflow/dags/penguins_pipeline.py   5538  0.37s             1           0  0.65s           2025-09-07T23:38:36
================================================================================
[2025-09-07T23:39:07.694+0000] {manager.py:878} INFO - 
================================================================================
DAG File Processing Stats

File Path                                 PID  Runtime      # DAGs    # Errors  Last Runtime    Last Run
--------------------------------------  -----  ---------  --------  ----------  --------------  -------------------
/opt/airflow/dags/penguins_pipeline.py   6175  0.00s             1           0  0.62s           2025-09-07T23:39:07
================================================================================
[2025-09-07T23:39:34.840+0000] {manager.py:737} INFO - Searching for files in /opt/airflow/dags
[2025-09-07T23:39:34.855+0000] {manager.py:740} INFO - There are 1 files in /opt/airflow/dags
[2025-09-07T23:39:38.187+0000] {manager.py:878} INFO - 
================================================================================
DAG File Processing Stats

File Path                                 PID  Runtime      # DAGs    # Errors  Last Runtime    Last Run
--------------------------------------  -----  ---------  --------  ----------  --------------  -------------------
/opt/airflow/dags/penguins_pipeline.py   6838  0.00s             1           0  0.54s           2025-09-07T23:39:38
================================================================================
[2025-09-07T23:40:08.604+0000] {manager.py:878} INFO - 
================================================================================
DAG File Processing Stats

File Path                                 PID  Runtime      # DAGs    # Errors  Last Runtime    Last Run
--------------------------------------  -----  ---------  --------  ----------  --------------  -------------------
/opt/airflow/dags/penguins_pipeline.py   7540  0.00s             1           0  0.57s           2025-09-07T23:40:08
================================================================================
[2025-09-07T23:40:38.607+0000] {manager.py:878} INFO - 
================================================================================
DAG File Processing Stats

File Path                                 PID  Runtime      # DAGs    # Errors  Last Runtime    Last Run
--------------------------------------  -----  ---------  --------  ----------  --------------  -------------------
/opt/airflow/dags/penguins_pipeline.py   8242  0.00s             1           0  0.54s           2025-09-07T23:40:38
================================================================================
[2025-09-07T23:41:08.694+0000] {manager.py:878} INFO - 
================================================================================
DAG File Processing Stats

File Path                                 PID  Runtime      # DAGs    # Errors  Last Runtime    Last Run
--------------------------------------  -----  ---------  --------  ----------  --------------  -------------------
/opt/airflow/dags/penguins_pipeline.py   8944  0.00s             1           0  0.55s           2025-09-07T23:41:08
================================================================================
[2025-09-07T23:41:39.016+0000] {manager.py:878} INFO - 
================================================================================
DAG File Processing Stats

File Path                                 PID  Runtime      # DAGs    # Errors  Last Runtime    Last Run
--------------------------------------  -----  ---------  --------  ----------  --------------  -------------------
/opt/airflow/dags/penguins_pipeline.py   9646  0.45s             1           0  0.55s           2025-09-07T23:41:38
================================================================================
[2025-09-07T23:42:09.393+0000] {manager.py:878} INFO - 
================================================================================
DAG File Processing Stats

File Path                                 PID  Runtime      # DAGs    # Errors  Last Runtime    Last Run
--------------------------------------  -----  ---------  --------  ----------  --------------  -------------------
/opt/airflow/dags/penguins_pipeline.py  10400  0.00s             1           0  0.53s           2025-09-07T23:42:09
================================================================================
[2025-09-07T23:42:39.564+0000] {manager.py:878} INFO - 
================================================================================
DAG File Processing Stats

File Path                                 PID  Runtime      # DAGs    # Errors  Last Runtime    Last Run
--------------------------------------  -----  ---------  --------  ----------  --------------  -------------------
/opt/airflow/dags/penguins_pipeline.py  11128  0.50s             1           0  0.50s           2025-09-07T23:42:39
================================================================================
[2025-09-07T23:43:09.792+0000] {manager.py:878} INFO - 
================================================================================
DAG File Processing Stats

File Path                                 PID  Runtime      # DAGs    # Errors  Last Runtime    Last Run
--------------------------------------  -----  ---------  --------  ----------  --------------  -------------------
/opt/airflow/dags/penguins_pipeline.py  11856  0.39s             1           0  0.60s           2025-09-07T23:43:09
================================================================================
[2025-09-07T23:43:39.976+0000] {manager.py:878} INFO - 
================================================================================
DAG File Processing Stats

File Path                                 PID  Runtime      # DAGs    # Errors  Last Runtime    Last Run
--------------------------------------  -----  ---------  --------  ----------  --------------  -------------------
/opt/airflow/dags/penguins_pipeline.py  12519  0.00s             1           0  0.60s           2025-09-07T23:43:39
================================================================================
[2025-09-07T23:44:10.346+0000] {manager.py:878} INFO - 
================================================================================
DAG File Processing Stats

File Path                                 PID  Runtime      # DAGs    # Errors  Last Runtime    Last Run
--------------------------------------  -----  ---------  --------  ----------  --------------  -------------------
/opt/airflow/dags/penguins_pipeline.py  13156  0.38s             1           0  0.61s           2025-09-07T23:44:09
================================================================================
[2025-09-07T23:44:34.960+0000] {manager.py:737} INFO - Searching for files in /opt/airflow/dags
[2025-09-07T23:44:34.979+0000] {manager.py:740} INFO - There are 1 files in /opt/airflow/dags
[2025-09-07T23:44:40.845+0000] {manager.py:878} INFO - 
================================================================================
DAG File Processing Stats

File Path                                 PID  Runtime      # DAGs    # Errors  Last Runtime    Last Run
--------------------------------------  -----  ---------  --------  ----------  --------------  -------------------
/opt/airflow/dags/penguins_pipeline.py  13806  0.00s             1           0  0.63s           2025-09-07T23:44:40
================================================================================
[2025-09-07T23:45:11.097+0000] {manager.py:878} INFO - 
================================================================================
DAG File Processing Stats

File Path                                 PID  Runtime      # DAGs    # Errors  Last Runtime    Last Run
--------------------------------------  -----  ---------  --------  ----------  --------------  -------------------
/opt/airflow/dags/penguins_pipeline.py  14404  0.44s             1           0  0.56s           2025-09-07T23:45:10
================================================================================
[2025-09-07T23:45:41.641+0000] {manager.py:878} INFO - 
================================================================================
DAG File Processing Stats

File Path                                 PID  Runtime      # DAGs    # Errors  Last Runtime    Last Run
--------------------------------------  -----  ---------  --------  ----------  --------------  -------------------
/opt/airflow/dags/penguins_pipeline.py  15106  0.00s             1           0  0.54s           2025-09-07T23:45:41
================================================================================
[2025-09-07T23:46:11.753+0000] {manager.py:878} INFO - 
================================================================================
DAG File Processing Stats

File Path                                 PID  Runtime      # DAGs    # Errors  Last Runtime    Last Run
--------------------------------------  -----  ---------  --------  ----------  --------------  -------------------
/opt/airflow/dags/penguins_pipeline.py  15808  0.00s             1           0  0.60s           2025-09-07T23:46:11
================================================================================
[2025-09-07T23:46:42.209+0000] {manager.py:878} INFO - 
================================================================================
DAG File Processing Stats

File Path                                 PID  Runtime      # DAGs    # Errors  Last Runtime    Last Run
--------------------------------------  -----  ---------  --------  ----------  --------------  -------------------
/opt/airflow/dags/penguins_pipeline.py  16510  0.00s             1           0  0.53s           2025-09-07T23:46:42
================================================================================
[2025-09-07T23:47:12.379+0000] {manager.py:878} INFO - 
================================================================================
DAG File Processing Stats

File Path                                 PID  Runtime      # DAGs    # Errors  Last Runtime    Last Run
--------------------------------------  -----  ---------  --------  ----------  --------------  -------------------
/opt/airflow/dags/penguins_pipeline.py  17199  0.00s             1           0  0.55s           2025-09-07T23:47:12
================================================================================
[2025-09-07T23:47:42.592+0000] {manager.py:878} INFO - 
================================================================================
DAG File Processing Stats

File Path                                 PID  Runtime      # DAGs    # Errors  Last Runtime    Last Run
--------------------------------------  -----  ---------  --------  ----------  --------------  -------------------
/opt/airflow/dags/penguins_pipeline.py  17836  0.00s             1           0  0.60s           2025-09-07T23:47:42
================================================================================
[2025-09-07T23:48:12.652+0000] {manager.py:878} INFO - 
================================================================================
DAG File Processing Stats

File Path                                 PID  Runtime      # DAGs    # Errors  Last Runtime    Last Run
--------------------------------------  -----  ---------  --------  ----------  --------------  -------------------
/opt/airflow/dags/penguins_pipeline.py  18460  0.00s             1           0  0.65s           2025-09-07T23:48:12
================================================================================
[2025-09-07T23:48:42.653+0000] {manager.py:878} INFO - 
================================================================================
DAG File Processing Stats

File Path                                 PID  Runtime      # DAGs    # Errors  Last Runtime    Last Run
--------------------------------------  -----  ---------  --------  ----------  --------------  -------------------
/opt/airflow/dags/penguins_pipeline.py  19097  0.00s             1           0  0.60s           2025-09-07T23:48:42
================================================================================
[2025-09-07T23:49:12.715+0000] {manager.py:878} INFO - 
================================================================================
DAG File Processing Stats

File Path                                 PID  Runtime      # DAGs    # Errors  Last Runtime    Last Run
--------------------------------------  -----  ---------  --------  ----------  --------------  -------------------
/opt/airflow/dags/penguins_pipeline.py  19747  0.47s             1           0  0.53s           2025-09-07T23:49:12
================================================================================
[2025-09-07T23:49:35.289+0000] {manager.py:737} INFO - Searching for files in /opt/airflow/dags
[2025-09-07T23:49:35.304+0000] {manager.py:740} INFO - There are 1 files in /opt/airflow/dags
[2025-09-07T23:49:43.158+0000] {manager.py:878} INFO - 
================================================================================
DAG File Processing Stats

File Path                                 PID  Runtime      # DAGs    # Errors  Last Runtime    Last Run
--------------------------------------  -----  ---------  --------  ----------  --------------  -------------------
/opt/airflow/dags/penguins_pipeline.py  20475  0.00s             1           0  0.58s           2025-09-07T23:49:43
================================================================================
[2025-09-07T23:50:13.447+0000] {manager.py:878} INFO - 
================================================================================
DAG File Processing Stats

File Path                                 PID  Runtime      # DAGs    # Errors  Last Runtime    Last Run
--------------------------------------  -----  ---------  --------  ----------  --------------  -------------------
/opt/airflow/dags/penguins_pipeline.py  21177  0.00s             1           0  0.56s           2025-09-07T23:50:13
================================================================================
[2025-09-07T23:50:43.769+0000] {manager.py:878} INFO - 
================================================================================
DAG File Processing Stats

File Path                                 PID  Runtime      # DAGs    # Errors  Last Runtime    Last Run
--------------------------------------  -----  ---------  --------  ----------  --------------  -------------------
/opt/airflow/dags/penguins_pipeline.py  21879  0.46s             1           0  0.54s           2025-09-07T23:50:43
================================================================================
[2025-09-07T23:51:14.002+0000] {manager.py:878} INFO - 
================================================================================
DAG File Processing Stats

File Path                                 PID  Runtime      # DAGs    # Errors  Last Runtime    Last Run
--------------------------------------  -----  ---------  --------  ----------  --------------  -------------------
/opt/airflow/dags/penguins_pipeline.py  22633  0.00s             1           0  0.52s           2025-09-07T23:51:13
================================================================================
[2025-09-07T23:51:44.153+0000] {manager.py:878} INFO - 
================================================================================
DAG File Processing Stats

File Path                                 PID  Runtime      # DAGs    # Errors  Last Runtime    Last Run
--------------------------------------  -----  ---------  --------  ----------  --------------  -------------------
/opt/airflow/dags/penguins_pipeline.py  23283  0.39s             1           0  0.61s           2025-09-07T23:51:43
================================================================================
[2025-09-07T23:52:14.310+0000] {manager.py:878} INFO - 
================================================================================
DAG File Processing Stats

File Path                                 PID  Runtime      # DAGs    # Errors  Last Runtime    Last Run
--------------------------------------  -----  ---------  --------  ----------  --------------  -------------------
/opt/airflow/dags/penguins_pipeline.py  23894  0.00s             1           0  0.63s           2025-09-07T23:52:14
================================================================================
[2025-09-07T23:52:44.723+0000] {manager.py:878} INFO - 
================================================================================
DAG File Processing Stats

File Path                                 PID  Runtime      # DAGs    # Errors  Last Runtime    Last Run
--------------------------------------  -----  ---------  --------  ----------  --------------  -------------------
/opt/airflow/dags/penguins_pipeline.py  24544  0.00s             1           0  0.56s           2025-09-07T23:52:44
================================================================================
[2025-09-07T23:53:14.744+0000] {manager.py:878} INFO - 
================================================================================
DAG File Processing Stats

File Path                                 PID  Runtime      # DAGs    # Errors  Last Runtime    Last Run
--------------------------------------  -----  ---------  --------  ----------  --------------  -------------------
/opt/airflow/dags/penguins_pipeline.py  25259  0.00s             1           0  0.55s           2025-09-07T23:53:14
================================================================================
[2025-09-07T23:53:44.967+0000] {manager.py:878} INFO - 
================================================================================
DAG File Processing Stats

File Path                                 PID  Runtime      # DAGs    # Errors  Last Runtime    Last Run
--------------------------------------  -----  ---------  --------  ----------  --------------  -------------------
/opt/airflow/dags/penguins_pipeline.py  25974  0.47s             1           0  0.53s           2025-09-07T23:53:44
================================================================================
[2025-09-07T23:54:15.206+0000] {manager.py:878} INFO - 
================================================================================
DAG File Processing Stats

File Path                                 PID  Runtime      # DAGs    # Errors  Last Runtime    Last Run
--------------------------------------  -----  ---------  --------  ----------  --------------  -------------------
/opt/airflow/dags/penguins_pipeline.py  26702  0.43s             1           0  0.57s           2025-09-07T23:54:14
================================================================================
[2025-09-07T23:54:35.432+0000] {manager.py:737} INFO - Searching for files in /opt/airflow/dags
[2025-09-07T23:54:35.447+0000] {manager.py:740} INFO - There are 1 files in /opt/airflow/dags
[2025-09-07T23:54:45.553+0000] {manager.py:878} INFO - 
================================================================================
DAG File Processing Stats

File Path                                 PID  Runtime      # DAGs    # Errors  Last Runtime    Last Run
--------------------------------------  -----  ---------  --------  ----------  --------------  -------------------
/opt/airflow/dags/penguins_pipeline.py  27404  0.39s             1           0  0.61s           2025-09-07T23:54:45
================================================================================
[2025-09-07T23:55:15.697+0000] {manager.py:878} INFO - 
================================================================================
DAG File Processing Stats

File Path                                 PID  Runtime      # DAGs    # Errors  Last Runtime    Last Run
--------------------------------------  -----  ---------  --------  ----------  --------------  -------------------
/opt/airflow/dags/penguins_pipeline.py  28054  0.00s             1           0  0.60s           2025-09-07T23:55:15
================================================================================
[2025-09-07T23:55:45.784+0000] {manager.py:878} INFO - 
================================================================================
DAG File Processing Stats

File Path                                 PID  Runtime      # DAGs    # Errors  Last Runtime    Last Run
--------------------------------------  -----  ---------  --------  ----------  --------------  -------------------
/opt/airflow/dags/penguins_pipeline.py  28691  0.00s             1           0  0.62s           2025-09-07T23:55:45
================================================================================
[2025-09-07T23:56:16.089+0000] {manager.py:878} INFO - 
================================================================================
DAG File Processing Stats

File Path                                 PID  Runtime      # DAGs    # Errors  Last Runtime    Last Run
--------------------------------------  -----  ---------  --------  ----------  --------------  -------------------
/opt/airflow/dags/penguins_pipeline.py  29328  0.40s             1           0  0.60s           2025-09-07T23:56:15
================================================================================
[2025-09-07T23:56:46.505+0000] {manager.py:878} INFO - 
================================================================================
DAG File Processing Stats

File Path                                 PID  Runtime      # DAGs    # Errors  Last Runtime    Last Run
--------------------------------------  -----  ---------  --------  ----------  --------------  -------------------
/opt/airflow/dags/penguins_pipeline.py  30004  0.47s             1           0  0.53s           2025-09-07T23:56:46
================================================================================
[2025-09-07T23:57:16.588+0000] {manager.py:878} INFO - 
================================================================================
DAG File Processing Stats

File Path                                 PID  Runtime      # DAGs    # Errors  Last Runtime    Last Run
--------------------------------------  -----  ---------  --------  ----------  --------------  -------------------
/opt/airflow/dags/penguins_pipeline.py  30732  0.00s             1           0  0.54s           2025-09-07T23:57:16
================================================================================
[2025-09-07T23:57:46.890+0000] {manager.py:878} INFO - 
================================================================================
DAG File Processing Stats

File Path                                 PID  Runtime      # DAGs    # Errors  Last Runtime    Last Run
--------------------------------------  -----  ---------  --------  ----------  --------------  -------------------
/opt/airflow/dags/penguins_pipeline.py  31434  0.44s             1           0  0.56s           2025-09-07T23:57:46
================================================================================
[2025-09-07T23:58:17.018+0000] {manager.py:878} INFO - 
================================================================================
DAG File Processing Stats

File Path                                 PID  Runtime      # DAGs    # Errors  Last Runtime    Last Run
--------------------------------------  -----  ---------  --------  ----------  --------------  -------------------
/opt/airflow/dags/penguins_pipeline.py  32162  0.00s             1           0  0.54s           2025-09-07T23:58:17
================================================================================
[2025-09-07T23:58:47.218+0000] {manager.py:878} INFO - 
================================================================================
DAG File Processing Stats

File Path                                 PID  Runtime      # DAGs    # Errors  Last Runtime    Last Run
--------------------------------------  -----  ---------  --------  ----------  --------------  -------------------
/opt/airflow/dags/penguins_pipeline.py  32890  0.00s             1           0  0.52s           2025-09-07T23:58:47
================================================================================
[2025-09-07T23:59:17.702+0000] {manager.py:878} INFO - 
================================================================================
DAG File Processing Stats

File Path                                 PID  Runtime      # DAGs    # Errors  Last Runtime    Last Run
--------------------------------------  -----  ---------  --------  ----------  --------------  -------------------
/opt/airflow/dags/penguins_pipeline.py  33644  0.00s             1           0  0.50s           2025-09-07T23:59:17
================================================================================
[2025-09-07T23:59:35.465+0000] {manager.py:737} INFO - Searching for files in /opt/airflow/dags
[2025-09-07T23:59:35.481+0000] {manager.py:740} INFO - There are 1 files in /opt/airflow/dags
[2025-09-07T23:59:48.110+0000] {manager.py:878} INFO - 
================================================================================
DAG File Processing Stats

File Path                                 PID  Runtime      # DAGs    # Errors  Last Runtime    Last Run
--------------------------------------  -----  ---------  --------  ----------  --------------  -------------------
/opt/airflow/dags/penguins_pipeline.py  34385  0.48s             1           0  0.52s           2025-09-07T23:59:47
================================================================================
[2025-09-08T00:00:18.359+0000] {manager.py:878} INFO - 
================================================================================
DAG File Processing Stats

File Path                                 PID  Runtime      # DAGs    # Errors  Last Runtime    Last Run
--------------------------------------  -----  ---------  --------  ----------  --------------  -------------------
/opt/airflow/dags/penguins_pipeline.py  35061  0.00s             1           0  0.60s           2025-09-08T00:00:18
================================================================================
[2025-09-08T00:00:48.834+0000] {manager.py:878} INFO - 
================================================================================
DAG File Processing Stats

File Path                                 PID  Runtime      # DAGs    # Errors  Last Runtime    Last Run
--------------------------------------  -----  ---------  --------  ----------  --------------  -------------------
/opt/airflow/dags/penguins_pipeline.py  35711  0.00s             1           0  0.59s           2025-09-08T00:00:48
================================================================================
[2025-09-08T00:01:19.261+0000] {manager.py:878} INFO - 
================================================================================
DAG File Processing Stats

File Path                                 PID  Runtime      # DAGs    # Errors  Last Runtime    Last Run
--------------------------------------  -----  ---------  --------  ----------  --------------  -------------------
/opt/airflow/dags/penguins_pipeline.py  36413  0.00s             1           0  0.54s           2025-09-08T00:01:19
================================================================================
[2025-09-08T00:01:49.573+0000] {manager.py:878} INFO - 
================================================================================
DAG File Processing Stats

File Path                                 PID  Runtime      # DAGs    # Errors  Last Runtime    Last Run
--------------------------------------  -----  ---------  --------  ----------  --------------  -------------------
/opt/airflow/dags/penguins_pipeline.py  37141  0.00s             1           0  0.53s           2025-09-08T00:01:49
================================================================================
[2025-09-08T00:02:19.689+0000] {manager.py:878} INFO - 
================================================================================
DAG File Processing Stats

File Path                                 PID  Runtime      # DAGs    # Errors  Last Runtime    Last Run
--------------------------------------  -----  ---------  --------  ----------  --------------  -------------------
/opt/airflow/dags/penguins_pipeline.py  37791  0.00s             1           0  0.66s           2025-09-08T00:02:19
================================================================================
[2025-09-08T00:02:49.860+0000] {manager.py:878} INFO - 
================================================================================
DAG File Processing Stats

File Path                                 PID  Runtime      # DAGs    # Errors  Last Runtime    Last Run
--------------------------------------  -----  ---------  --------  ----------  --------------  -------------------
/opt/airflow/dags/penguins_pipeline.py  38480  0.47s             1           0  0.52s           2025-09-08T00:02:49
================================================================================
[2025-09-08T00:03:20.409+0000] {manager.py:878} INFO - 
================================================================================
DAG File Processing Stats

File Path                                 PID  Runtime      # DAGs    # Errors  Last Runtime    Last Run
--------------------------------------  -----  ---------  --------  ----------  --------------  -------------------
/opt/airflow/dags/penguins_pipeline.py  39234  0.00s             1           0  0.54s           2025-09-08T00:03:20
================================================================================
[2025-09-08T00:03:50.610+0000] {manager.py:878} INFO - 
================================================================================
DAG File Processing Stats

File Path                                 PID  Runtime      # DAGs    # Errors  Last Runtime    Last Run
--------------------------------------  -----  ---------  --------  ----------  --------------  -------------------
/opt/airflow/dags/penguins_pipeline.py  39832  0.00s             1           0  0.62s           2025-09-08T00:03:50
================================================================================
[2025-09-08T00:04:20.643+0000] {manager.py:878} INFO - 
================================================================================
DAG File Processing Stats

File Path                                 PID  Runtime      # DAGs    # Errors  Last Runtime    Last Run
--------------------------------------  -----  ---------  --------  ----------  --------------  -------------------
/opt/airflow/dags/penguins_pipeline.py  40495  0.00s             1           0  0.64s           2025-09-08T00:04:20
================================================================================
[2025-09-08T00:04:35.573+0000] {manager.py:737} INFO - Searching for files in /opt/airflow/dags
[2025-09-08T00:04:35.588+0000] {manager.py:740} INFO - There are 1 files in /opt/airflow/dags
[2025-09-08T00:04:50.877+0000] {manager.py:878} INFO - 
================================================================================
DAG File Processing Stats

File Path                                 PID  Runtime      # DAGs    # Errors  Last Runtime    Last Run
--------------------------------------  -----  ---------  --------  ----------  --------------  -------------------
/opt/airflow/dags/penguins_pipeline.py  41106  0.00s             1           0  0.67s           2025-09-08T00:04:50
================================================================================
[2025-09-08T00:05:21.048+0000] {manager.py:878} INFO - 
================================================================================
DAG File Processing Stats

File Path                                 PID  Runtime      # DAGs    # Errors  Last Runtime    Last Run
--------------------------------------  -----  ---------  --------  ----------  --------------  -------------------
/opt/airflow/dags/penguins_pipeline.py  41665  0.00s             1           0  0.76s           2025-09-08T00:05:21
================================================================================
[2025-09-08T00:05:51.355+0000] {manager.py:878} INFO - 
================================================================================
DAG File Processing Stats

File Path                                 PID  Runtime      # DAGs    # Errors  Last Runtime    Last Run
--------------------------------------  -----  ---------  --------  ----------  --------------  -------------------
/opt/airflow/dags/penguins_pipeline.py  42172  0.00s             1           0  0.65s           2025-09-08T00:05:51
================================================================================
[2025-09-08T00:06:21.743+0000] {manager.py:878} INFO - 
================================================================================
DAG File Processing Stats

File Path                                 PID  Runtime      # DAGs    # Errors  Last Runtime    Last Run
--------------------------------------  -----  ---------  --------  ----------  --------------  -------------------
/opt/airflow/dags/penguins_pipeline.py  42783  0.00s             1           0  0.58s           2025-09-08T00:06:21
================================================================================
[2025-09-08T00:06:51.830+0000] {manager.py:878} INFO - 
================================================================================
DAG File Processing Stats

File Path                                 PID  Runtime      # DAGs    # Errors  Last Runtime    Last Run
--------------------------------------  -----  ---------  --------  ----------  --------------  -------------------
/opt/airflow/dags/penguins_pipeline.py  43420  0.00s             1           0  0.58s           2025-09-08T00:06:51
================================================================================
[2025-09-08T00:07:22.028+0000] {manager.py:878} INFO - 
================================================================================
DAG File Processing Stats

File Path                                 PID  Runtime      # DAGs    # Errors  Last Runtime    Last Run
--------------------------------------  -----  ---------  --------  ----------  --------------  -------------------
/opt/airflow/dags/penguins_pipeline.py  44044  0.42s             1           0  0.57s           2025-09-08T00:07:21
================================================================================
[2025-09-08T00:07:52.191+0000] {manager.py:878} INFO - 
================================================================================
DAG File Processing Stats

File Path                                 PID  Runtime      # DAGs    # Errors  Last Runtime    Last Run
--------------------------------------  -----  ---------  --------  ----------  --------------  -------------------
/opt/airflow/dags/penguins_pipeline.py  44694  0.41s             1           0  0.59s           2025-09-08T00:07:51
================================================================================
[2025-09-08T00:08:22.299+0000] {manager.py:878} INFO - 
================================================================================
DAG File Processing Stats

File Path                                 PID  Runtime      # DAGs    # Errors  Last Runtime    Last Run
--------------------------------------  -----  ---------  --------  ----------  --------------  -------------------
/opt/airflow/dags/penguins_pipeline.py  45357  0.00s             1           0  0.56s           2025-09-08T00:08:22
================================================================================
[2025-09-08T00:08:52.369+0000] {manager.py:878} INFO - 
================================================================================
DAG File Processing Stats

File Path                                 PID  Runtime      # DAGs    # Errors  Last Runtime    Last Run
--------------------------------------  -----  ---------  --------  ----------  --------------  -------------------
/opt/airflow/dags/penguins_pipeline.py  46020  0.42s             1           0  0.58s           2025-09-08T00:08:51
================================================================================
[2025-09-08T00:09:22.637+0000] {manager.py:878} INFO - 
================================================================================
DAG File Processing Stats

File Path                                 PID  Runtime      # DAGs    # Errors  Last Runtime    Last Run
--------------------------------------  -----  ---------  --------  ----------  --------------  -------------------
/opt/airflow/dags/penguins_pipeline.py  46696  0.32s             1           0  0.67s           2025-09-08T00:09:22
================================================================================
[2025-09-08T00:09:36.001+0000] {manager.py:737} INFO - Searching for files in /opt/airflow/dags
[2025-09-08T00:09:36.016+0000] {manager.py:740} INFO - There are 1 files in /opt/airflow/dags
[2025-09-08T00:09:52.751+0000] {manager.py:878} INFO - 
================================================================================
DAG File Processing Stats

File Path                                 PID  Runtime      # DAGs    # Errors  Last Runtime    Last Run
--------------------------------------  -----  ---------  --------  ----------  --------------  -------------------
/opt/airflow/dags/penguins_pipeline.py  47307  0.33s             1           0  0.67s           2025-09-08T00:09:52
================================================================================
[2025-09-08T00:10:23.018+0000] {manager.py:878} INFO - 
================================================================================
DAG File Processing Stats

File Path                                 PID  Runtime      # DAGs    # Errors  Last Runtime    Last Run
--------------------------------------  -----  ---------  --------  ----------  --------------  -------------------
/opt/airflow/dags/penguins_pipeline.py  47918  0.00s             1           0  0.61s           2025-09-08T00:10:23
================================================================================
[2025-09-08T00:10:53.270+0000] {manager.py:878} INFO - 
================================================================================
DAG File Processing Stats

File Path                                 PID  Runtime      # DAGs    # Errors  Last Runtime    Last Run
--------------------------------------  -----  ---------  --------  ----------  --------------  -------------------
/opt/airflow/dags/penguins_pipeline.py  48516  0.00s             1           0  0.65s           2025-09-08T00:10:53
================================================================================
[2025-09-08T00:11:23.328+0000] {manager.py:878} INFO - 
================================================================================
DAG File Processing Stats

File Path                                 PID  Runtime      # DAGs    # Errors  Last Runtime    Last Run
--------------------------------------  -----  ---------  --------  ----------  --------------  -------------------
/opt/airflow/dags/penguins_pipeline.py  49140  0.00s             1           0  0.57s           2025-09-08T00:11:23
================================================================================
[2025-09-08T00:11:53.394+0000] {manager.py:878} INFO - 
================================================================================
DAG File Processing Stats

File Path                                 PID  Runtime      # DAGs    # Errors  Last Runtime    Last Run
--------------------------------------  -----  ---------  --------  ----------  --------------  -------------------
/opt/airflow/dags/penguins_pipeline.py  49816  0.44s             1           0  0.56s           2025-09-08T00:11:52
================================================================================
[2025-09-08T00:12:23.976+0000] {manager.py:878} INFO - 
================================================================================
DAG File Processing Stats

File Path                                 PID  Runtime      # DAGs    # Errors  Last Runtime    Last Run
--------------------------------------  -----  ---------  --------  ----------  --------------  -------------------
/opt/airflow/dags/penguins_pipeline.py  50518  0.00s             1           0  0.58s           2025-09-08T00:12:23
================================================================================
[2025-09-08T00:12:54.373+0000] {manager.py:878} INFO - 
================================================================================
DAG File Processing Stats

File Path                                 PID  Runtime      # DAGs    # Errors  Last Runtime    Last Run
--------------------------------------  -----  ---------  --------  ----------  --------------  -------------------
/opt/airflow/dags/penguins_pipeline.py  51220  0.44s             1           0  0.56s           2025-09-08T00:12:53
================================================================================
[2025-09-08T00:13:24.708+0000] {manager.py:878} INFO - 
================================================================================
DAG File Processing Stats

File Path                                 PID  Runtime      # DAGs    # Errors  Last Runtime    Last Run
--------------------------------------  -----  ---------  --------  ----------  --------------  -------------------
/opt/airflow/dags/penguins_pipeline.py  51922  0.00s             1           0  0.62s           2025-09-08T00:13:24
================================================================================
[2025-09-08T00:13:54.894+0000] {manager.py:878} INFO - 
================================================================================
DAG File Processing Stats

File Path                                 PID  Runtime      # DAGs    # Errors  Last Runtime    Last Run
--------------------------------------  -----  ---------  --------  ----------  --------------  -------------------
/opt/airflow/dags/penguins_pipeline.py  52533  0.00s             1           0  0.66s           2025-09-08T00:13:54
================================================================================
[2025-09-08T00:14:24.910+0000] {manager.py:878} INFO - 
================================================================================
DAG File Processing Stats

File Path                                 PID  Runtime      # DAGs    # Errors  Last Runtime    Last Run
--------------------------------------  -----  ---------  --------  ----------  --------------  -------------------
/opt/airflow/dags/penguins_pipeline.py  53144  0.00s             1           0  0.64s           2025-09-08T00:14:24
================================================================================
[2025-09-08T00:14:36.092+0000] {manager.py:737} INFO - Searching for files in /opt/airflow/dags
[2025-09-08T00:14:36.108+0000] {manager.py:740} INFO - There are 1 files in /opt/airflow/dags
[2025-09-08T00:14:55.171+0000] {manager.py:878} INFO - 
================================================================================
DAG File Processing Stats

File Path                                 PID  Runtime      # DAGs    # Errors  Last Runtime    Last Run
--------------------------------------  -----  ---------  --------  ----------  --------------  -------------------
/opt/airflow/dags/penguins_pipeline.py  53781  0.43s             1           0  0.57s           2025-09-08T00:14:54
================================================================================
[2025-09-08T00:15:25.463+0000] {manager.py:878} INFO - 
================================================================================
DAG File Processing Stats

File Path                                 PID  Runtime      # DAGs    # Errors  Last Runtime    Last Run
--------------------------------------  -----  ---------  --------  ----------  --------------  -------------------
/opt/airflow/dags/penguins_pipeline.py  54457  0.00s             1           0  0.58s           2025-09-08T00:15:25
================================================================================
[2025-09-08T00:15:55.558+0000] {manager.py:878} INFO - 
================================================================================
DAG File Processing Stats

File Path                                 PID  Runtime      # DAGs    # Errors  Last Runtime    Last Run
--------------------------------------  -----  ---------  --------  ----------  --------------  -------------------
/opt/airflow/dags/penguins_pipeline.py  55107  0.00s             1           0  0.59s           2025-09-08T00:15:55
================================================================================
[2025-09-08T00:16:26.024+0000] {manager.py:878} INFO - 
================================================================================
DAG File Processing Stats

File Path                                 PID  Runtime      # DAGs    # Errors  Last Runtime    Last Run
--------------------------------------  -----  ---------  --------  ----------  --------------  -------------------
/opt/airflow/dags/penguins_pipeline.py  55783  0.00s             1           0  0.58s           2025-09-08T00:16:26
================================================================================
[2025-09-08T00:16:56.119+0000] {manager.py:878} INFO - 
================================================================================
DAG File Processing Stats

File Path                                 PID  Runtime      # DAGs    # Errors  Last Runtime    Last Run
--------------------------------------  -----  ---------  --------  ----------  --------------  -------------------
/opt/airflow/dags/penguins_pipeline.py  56459  0.47s             1           0  0.53s           2025-09-08T00:16:55
================================================================================
[2025-09-08T00:17:26.150+0000] {manager.py:878} INFO - 
================================================================================
DAG File Processing Stats

File Path                                 PID  Runtime      # DAGs    # Errors  Last Runtime    Last Run
--------------------------------------  -----  ---------  --------  ----------  --------------  -------------------
/opt/airflow/dags/penguins_pipeline.py  57174  0.00s             1           0  0.56s           2025-09-08T00:17:26
================================================================================
[2025-09-08T00:17:56.162+0000] {manager.py:878} INFO - 
================================================================================
DAG File Processing Stats

File Path                                 PID  Runtime      # DAGs    # Errors  Last Runtime    Last Run
--------------------------------------  -----  ---------  --------  ----------  --------------  -------------------
/opt/airflow/dags/penguins_pipeline.py  57850  0.00s             1           0  0.56s           2025-09-08T00:17:56
================================================================================
[2025-09-08T00:18:26.519+0000] {manager.py:878} INFO - 
================================================================================
DAG File Processing Stats

File Path                                 PID  Runtime      # DAGs    # Errors  Last Runtime    Last Run
--------------------------------------  -----  ---------  --------  ----------  --------------  -------------------
/opt/airflow/dags/penguins_pipeline.py  58461  0.00s             1           0  0.72s           2025-09-08T00:18:26
================================================================================
[2025-09-08T00:18:56.797+0000] {manager.py:878} INFO - 
================================================================================
DAG File Processing Stats

File Path                                 PID  Runtime      # DAGs    # Errors  Last Runtime    Last Run
--------------------------------------  -----  ---------  --------  ----------  --------------  -------------------
/opt/airflow/dags/penguins_pipeline.py  59020  0.34s             1           0  0.68s           2025-09-08T00:18:56
================================================================================
[2025-09-08T00:19:27.023+0000] {manager.py:878} INFO - 
================================================================================
DAG File Processing Stats

File Path                                 PID  Runtime      # DAGs    # Errors  Last Runtime    Last Run
--------------------------------------  -----  ---------  --------  ----------  --------------  -------------------
/opt/airflow/dags/penguins_pipeline.py  59579  0.00s             1           0  0.66s           2025-09-08T00:19:27
================================================================================
[2025-09-08T00:19:36.289+0000] {manager.py:737} INFO - Searching for files in /opt/airflow/dags
[2025-09-08T00:19:36.311+0000] {manager.py:740} INFO - There are 1 files in /opt/airflow/dags
[2025-09-08T00:19:57.402+0000] {manager.py:878} INFO - 
================================================================================
DAG File Processing Stats

File Path                                 PID  Runtime      # DAGs    # Errors  Last Runtime    Last Run
--------------------------------------  -----  ---------  --------  ----------  --------------  -------------------
/opt/airflow/dags/penguins_pipeline.py  60164  0.00s             1           0  0.60s           2025-09-08T00:19:57
================================================================================
[2025-09-08T00:20:27.433+0000] {manager.py:878} INFO - 
================================================================================
DAG File Processing Stats

File Path                                 PID  Runtime      # DAGs    # Errors  Last Runtime    Last Run
--------------------------------------  -----  ---------  --------  ----------  --------------  -------------------
/opt/airflow/dags/penguins_pipeline.py  60827  0.00s             1           0  0.57s           2025-09-08T00:20:27
================================================================================
[2025-09-08T00:20:57.746+0000] {manager.py:878} INFO - 
================================================================================
DAG File Processing Stats

File Path                                 PID  Runtime      # DAGs    # Errors  Last Runtime    Last Run
--------------------------------------  -----  ---------  --------  ----------  --------------  -------------------
/opt/airflow/dags/penguins_pipeline.py  61490  0.00s             1           0  0.58s           2025-09-08T00:20:57
================================================================================
[2025-09-08T00:21:27.750+0000] {manager.py:878} INFO - 
================================================================================
DAG File Processing Stats

File Path                                 PID  Runtime      # DAGs    # Errors  Last Runtime    Last Run
--------------------------------------  -----  ---------  --------  ----------  --------------  -------------------
/opt/airflow/dags/penguins_pipeline.py  62140  0.42s             1           0  0.58s           2025-09-08T00:21:27
================================================================================
[2025-09-08T00:21:57.766+0000] {manager.py:878} INFO - 
================================================================================
DAG File Processing Stats

File Path                                 PID  Runtime      # DAGs    # Errors  Last Runtime    Last Run
--------------------------------------  -----  ---------  --------  ----------  --------------  -------------------
/opt/airflow/dags/penguins_pipeline.py  62816  0.46s             1           0  0.53s           2025-09-08T00:21:57
================================================================================
[2025-09-08T00:22:27.872+0000] {manager.py:878} INFO - 
================================================================================
DAG File Processing Stats

File Path                                 PID  Runtime      # DAGs    # Errors  Last Runtime    Last Run
--------------------------------------  -----  ---------  --------  ----------  --------------  -------------------
/opt/airflow/dags/penguins_pipeline.py  63518  0.47s             1           0  0.52s           2025-09-08T00:22:27
================================================================================
[2025-09-08T00:22:58.170+0000] {manager.py:878} INFO - 
================================================================================
DAG File Processing Stats

File Path                                 PID  Runtime      # DAGs    # Errors  Last Runtime    Last Run
--------------------------------------  -----  ---------  --------  ----------  --------------  -------------------
/opt/airflow/dags/penguins_pipeline.py  64181  0.00s             1           0  0.65s           2025-09-08T00:22:58
================================================================================
[2025-09-08T00:23:28.277+0000] {manager.py:878} INFO - 
================================================================================
DAG File Processing Stats

File Path                                 PID  Runtime      # DAGs    # Errors  Last Runtime    Last Run
--------------------------------------  -----  ---------  --------  ----------  --------------  -------------------
/opt/airflow/dags/penguins_pipeline.py  64753  0.38s             1           0  0.61s           2025-09-08T00:23:27
================================================================================
[2025-09-08T00:23:58.679+0000] {manager.py:878} INFO - 
================================================================================
DAG File Processing Stats

File Path                                 PID  Runtime      # DAGs    # Errors  Last Runtime    Last Run
--------------------------------------  -----  ---------  --------  ----------  --------------  -------------------
/opt/airflow/dags/penguins_pipeline.py  65377  0.00s             1           0  0.62s           2025-09-08T00:23:58
================================================================================
[2025-09-08T00:24:29.152+0000] {manager.py:878} INFO - 
================================================================================
DAG File Processing Stats

File Path                                 PID  Runtime      # DAGs    # Errors  Last Runtime    Last Run
--------------------------------------  -----  ---------  --------  ----------  --------------  -------------------
/opt/airflow/dags/penguins_pipeline.py  66001  0.00s             1           0  0.56s           2025-09-08T00:24:29
================================================================================
[2025-09-08T00:24:36.374+0000] {manager.py:737} INFO - Searching for files in /opt/airflow/dags
[2025-09-08T00:24:36.388+0000] {manager.py:740} INFO - There are 1 files in /opt/airflow/dags
[2025-09-08T00:24:59.498+0000] {manager.py:878} INFO - 
================================================================================
DAG File Processing Stats

File Path                                 PID  Runtime      # DAGs    # Errors  Last Runtime    Last Run
--------------------------------------  -----  ---------  --------  ----------  --------------  -------------------
/opt/airflow/dags/penguins_pipeline.py  66703  0.00s             1           0  0.55s           2025-09-08T00:24:59
================================================================================
[2025-09-08T00:25:29.818+0000] {manager.py:878} INFO - 
================================================================================
DAG File Processing Stats

File Path                                 PID  Runtime      # DAGs    # Errors  Last Runtime    Last Run
--------------------------------------  -----  ---------  --------  ----------  --------------  -------------------
/opt/airflow/dags/penguins_pipeline.py  67405  0.00s             1           0  0.53s           2025-09-08T00:25:29
================================================================================
[2025-09-08T00:26:00.102+0000] {manager.py:878} INFO - 
================================================================================
DAG File Processing Stats

File Path                                 PID  Runtime      # DAGs    # Errors  Last Runtime    Last Run
--------------------------------------  -----  ---------  --------  ----------  --------------  -------------------
/opt/airflow/dags/penguins_pipeline.py  68081  0.44s             1           0  0.56s           2025-09-08T00:25:59
================================================================================
[2025-09-08T00:26:30.524+0000] {manager.py:878} INFO - 
================================================================================
DAG File Processing Stats

File Path                                 PID  Runtime      # DAGs    # Errors  Last Runtime    Last Run
--------------------------------------  -----  ---------  --------  ----------  --------------  -------------------
/opt/airflow/dags/penguins_pipeline.py  68783  0.00s             1           0  0.54s           2025-09-08T00:26:30
================================================================================
[2025-09-08T00:27:00.651+0000] {manager.py:878} INFO - 
================================================================================
DAG File Processing Stats

File Path                                 PID  Runtime      # DAGs    # Errors  Last Runtime    Last Run
--------------------------------------  -----  ---------  --------  ----------  --------------  -------------------
/opt/airflow/dags/penguins_pipeline.py  69459  0.45s             1           0  0.55s           2025-09-08T00:27:00
================================================================================
[2025-09-08T00:27:30.950+0000] {manager.py:878} INFO - 
================================================================================
DAG File Processing Stats

File Path                                 PID  Runtime      # DAGs    # Errors  Last Runtime    Last Run
--------------------------------------  -----  ---------  --------  ----------  --------------  -------------------
/opt/airflow/dags/penguins_pipeline.py  70161  0.00s             1           0  0.55s           2025-09-08T00:27:30
================================================================================
[2025-09-08T00:28:01.223+0000] {manager.py:878} INFO - 
================================================================================
DAG File Processing Stats

File Path                                 PID  Runtime      # DAGs    # Errors  Last Runtime    Last Run
--------------------------------------  -----  ---------  --------  ----------  --------------  -------------------
/opt/airflow/dags/penguins_pipeline.py  70837  0.45s             1           0  0.55s           2025-09-08T00:28:00
================================================================================
[2025-09-08T00:28:31.320+0000] {manager.py:878} INFO - 
================================================================================
DAG File Processing Stats

File Path                                 PID  Runtime      # DAGs    # Errors  Last Runtime    Last Run
--------------------------------------  -----  ---------  --------  ----------  --------------  -------------------
/opt/airflow/dags/penguins_pipeline.py  71500  0.00s             1           0  0.58s           2025-09-08T00:28:31
================================================================================
[2025-09-08T00:29:01.589+0000] {manager.py:878} INFO - 
================================================================================
DAG File Processing Stats

File Path                                 PID  Runtime      # DAGs    # Errors  Last Runtime    Last Run
--------------------------------------  -----  ---------  --------  ----------  --------------  -------------------
/opt/airflow/dags/penguins_pipeline.py  72111  0.36s             1           0  0.64s           2025-09-08T00:29:01
================================================================================
[2025-09-08T00:29:31.859+0000] {manager.py:878} INFO - 
================================================================================
DAG File Processing Stats

File Path                                 PID  Runtime      # DAGs    # Errors  Last Runtime    Last Run
--------------------------------------  -----  ---------  --------  ----------  --------------  -------------------
/opt/airflow/dags/penguins_pipeline.py  72722  0.00s             1           0  0.64s           2025-09-08T00:29:31
================================================================================
[2025-09-08T00:29:36.510+0000] {manager.py:737} INFO - Searching for files in /opt/airflow/dags
[2025-09-08T00:29:36.524+0000] {manager.py:740} INFO - There are 1 files in /opt/airflow/dags
[2025-09-08T00:30:01.957+0000] {manager.py:878} INFO - 
================================================================================
DAG File Processing Stats

File Path                                 PID  Runtime      # DAGs    # Errors  Last Runtime    Last Run
--------------------------------------  -----  ---------  --------  ----------  --------------  -------------------
/opt/airflow/dags/penguins_pipeline.py  73320  0.00s             1           0  0.64s           2025-09-08T00:30:01
================================================================================
[2025-09-08T00:30:32.426+0000] {manager.py:878} INFO - 
================================================================================
DAG File Processing Stats

File Path                                 PID  Runtime      # DAGs    # Errors  Last Runtime    Last Run
--------------------------------------  -----  ---------  --------  ----------  --------------  -------------------
/opt/airflow/dags/penguins_pipeline.py  73957  0.00s             1           0  0.59s           2025-09-08T00:30:32
================================================================================
[2025-09-08T00:31:02.678+0000] {manager.py:878} INFO - 
================================================================================
DAG File Processing Stats

File Path                                 PID  Runtime      # DAGs    # Errors  Last Runtime    Last Run
--------------------------------------  -----  ---------  --------  ----------  --------------  -------------------
/opt/airflow/dags/penguins_pipeline.py  74633  0.00s             1           0  0.55s           2025-09-08T00:31:02
================================================================================
[2025-09-08T00:31:32.842+0000] {manager.py:878} INFO - 
================================================================================
DAG File Processing Stats

File Path                                 PID  Runtime      # DAGs    # Errors  Last Runtime    Last Run
--------------------------------------  -----  ---------  --------  ----------  --------------  -------------------
/opt/airflow/dags/penguins_pipeline.py  75309  0.45s             1           0  0.54s           2025-09-08T00:31:32
================================================================================
[2025-09-08T00:32:03.539+0000] {manager.py:878} INFO - 
================================================================================
DAG File Processing Stats

File Path                                 PID  Runtime      # DAGs    # Errors  Last Runtime    Last Run
--------------------------------------  -----  ---------  --------  ----------  --------------  -------------------
/opt/airflow/dags/penguins_pipeline.py  76011  0.00s             1           0  0.70s           2025-09-08T00:32:03
================================================================================
[2025-09-08T00:32:34.098+0000] {manager.py:878} INFO - 
================================================================================
DAG File Processing Stats

File Path                                 PID  Runtime      # DAGs    # Errors  Last Runtime    Last Run
--------------------------------------  -----  ---------  --------  ----------  --------------  -------------------
/opt/airflow/dags/penguins_pipeline.py  76687  0.00s             1           0  0.56s           2025-09-08T00:32:34
================================================================================
[2025-09-08T00:33:04.554+0000] {manager.py:878} INFO - 
================================================================================
DAG File Processing Stats

File Path                                 PID  Runtime      # DAGs    # Errors  Last Runtime    Last Run
--------------------------------------  -----  ---------  --------  ----------  --------------  -------------------
/opt/airflow/dags/penguins_pipeline.py  77363  0.47s             1           0  0.53s           2025-09-08T00:33:04
================================================================================
[2025-09-08T00:33:34.845+0000] {manager.py:878} INFO - 
================================================================================
DAG File Processing Stats

File Path                                 PID  Runtime      # DAGs    # Errors  Last Runtime    Last Run
--------------------------------------  -----  ---------  --------  ----------  --------------  -------------------
/opt/airflow/dags/penguins_pipeline.py  78065  0.44s             1           0  0.56s           2025-09-08T00:33:34
================================================================================
[2025-09-08T00:34:04.865+0000] {manager.py:878} INFO - 
================================================================================
DAG File Processing Stats

File Path                                 PID  Runtime      # DAGs    # Errors  Last Runtime    Last Run
--------------------------------------  -----  ---------  --------  ----------  --------------  -------------------
/opt/airflow/dags/penguins_pipeline.py  78767  0.00s             1           0  0.67s           2025-09-08T00:34:04
================================================================================
[2025-09-08T00:34:35.090+0000] {manager.py:878} INFO - 
================================================================================
DAG File Processing Stats

File Path                                 PID  Runtime      # DAGs    # Errors  Last Runtime    Last Run
--------------------------------------  -----  ---------  --------  ----------  --------------  -------------------
/opt/airflow/dags/penguins_pipeline.py  79378  0.00s             1           0  0.65s           2025-09-08T00:34:35
================================================================================
[2025-09-08T00:34:36.801+0000] {manager.py:737} INFO - Searching for files in /opt/airflow/dags
[2025-09-08T00:34:36.816+0000] {manager.py:740} INFO - There are 1 files in /opt/airflow/dags
[2025-09-08T00:35:05.350+0000] {manager.py:878} INFO - 
================================================================================
DAG File Processing Stats

File Path                                 PID  Runtime      # DAGs    # Errors  Last Runtime    Last Run
--------------------------------------  -----  ---------  --------  ----------  --------------  -------------------
/opt/airflow/dags/penguins_pipeline.py  79950  0.35s             1           0  0.65s           2025-09-08T00:35:04
================================================================================
[2025-09-08T00:35:35.360+0000] {manager.py:878} INFO - 
================================================================================
DAG File Processing Stats

File Path                                 PID  Runtime      # DAGs    # Errors  Last Runtime    Last Run
--------------------------------------  -----  ---------  --------  ----------  --------------  -------------------
/opt/airflow/dags/penguins_pipeline.py  80522  0.00s             1           0  0.74s           2025-09-08T00:35:35
================================================================================
[2025-09-08T00:36:05.667+0000] {manager.py:878} INFO - 
================================================================================
DAG File Processing Stats

File Path                                 PID  Runtime      # DAGs    # Errors  Last Runtime    Last Run
--------------------------------------  -----  ---------  --------  ----------  --------------  -------------------
/opt/airflow/dags/penguins_pipeline.py  81107  0.39s             1           0  0.61s           2025-09-08T00:36:05
================================================================================
[2025-09-08T00:36:36.070+0000] {manager.py:878} INFO - 
================================================================================
DAG File Processing Stats

File Path                                 PID  Runtime      # DAGs    # Errors  Last Runtime    Last Run
--------------------------------------  -----  ---------  --------  ----------  --------------  -------------------
/opt/airflow/dags/penguins_pipeline.py  81757  0.01s             1           0  0.59s           2025-09-08T00:36:36
================================================================================
[2025-09-08T00:37:06.512+0000] {manager.py:878} INFO - 
================================================================================
DAG File Processing Stats

File Path                                 PID  Runtime      # DAGs    # Errors  Last Runtime    Last Run
--------------------------------------  -----  ---------  --------  ----------  --------------  -------------------
/opt/airflow/dags/penguins_pipeline.py  82433  0.45s             1           0  0.55s           2025-09-08T00:37:06
================================================================================
[2025-09-08T00:37:36.930+0000] {manager.py:878} INFO - 
================================================================================
DAG File Processing Stats

File Path                                 PID  Runtime      # DAGs    # Errors  Last Runtime    Last Run
--------------------------------------  -----  ---------  --------  ----------  --------------  -------------------
/opt/airflow/dags/penguins_pipeline.py  83135  0.00s             1           0  0.55s           2025-09-08T00:37:36
================================================================================
[2025-09-08T00:38:06.993+0000] {manager.py:878} INFO - 
================================================================================
DAG File Processing Stats

File Path                                 PID  Runtime      # DAGs    # Errors  Last Runtime    Last Run
--------------------------------------  -----  ---------  --------  ----------  --------------  -------------------
/opt/airflow/dags/penguins_pipeline.py  83837  0.00s             1           0  0.66s           2025-09-08T00:38:06
================================================================================
[2025-09-08T00:38:37.064+0000] {manager.py:878} INFO - 
================================================================================
DAG File Processing Stats

File Path                                 PID  Runtime      # DAGs    # Errors  Last Runtime    Last Run
--------------------------------------  -----  ---------  --------  ----------  --------------  -------------------
/opt/airflow/dags/penguins_pipeline.py  84448  0.33s             1           0  0.67s           2025-09-08T00:38:36
================================================================================
[2025-09-08T00:39:07.153+0000] {manager.py:878} INFO - 
================================================================================
DAG File Processing Stats

File Path                                 PID  Runtime      # DAGs    # Errors  Last Runtime    Last Run
--------------------------------------  -----  ---------  --------  ----------  --------------  -------------------
/opt/airflow/dags/penguins_pipeline.py  85046  0.34s             1           0  0.66s           2025-09-08T00:39:06
================================================================================
[2025-09-08T00:39:36.845+0000] {manager.py:737} INFO - Searching for files in /opt/airflow/dags
[2025-09-08T00:39:36.861+0000] {manager.py:740} INFO - There are 1 files in /opt/airflow/dags
[2025-09-08T00:39:37.547+0000] {manager.py:878} INFO - 
================================================================================
DAG File Processing Stats

File Path                                 PID  Runtime      # DAGs    # Errors  Last Runtime    Last Run
--------------------------------------  -----  ---------  --------  ----------  --------------  -------------------
/opt/airflow/dags/penguins_pipeline.py  85644  0.00s             1           0  0.66s           2025-09-08T00:39:37
================================================================================
[2025-09-08T00:40:07.747+0000] {manager.py:878} INFO - 
================================================================================
DAG File Processing Stats

File Path                                 PID  Runtime      # DAGs    # Errors  Last Runtime    Last Run
--------------------------------------  -----  ---------  --------  ----------  --------------  -------------------
/opt/airflow/dags/penguins_pipeline.py  86294  0.00s             1           0  0.54s           2025-09-08T00:40:07
================================================================================
[2025-09-08T00:40:37.819+0000] {manager.py:878} INFO - 
================================================================================
DAG File Processing Stats

File Path                                 PID  Runtime      # DAGs    # Errors  Last Runtime    Last Run
--------------------------------------  -----  ---------  --------  ----------  --------------  -------------------
/opt/airflow/dags/penguins_pipeline.py  86970  0.46s             1           0  0.54s           2025-09-08T00:40:37
================================================================================
[2025-09-08T00:41:07.988+0000] {manager.py:878} INFO - 
================================================================================
DAG File Processing Stats

File Path                                 PID  Runtime      # DAGs    # Errors  Last Runtime    Last Run
--------------------------------------  -----  ---------  --------  ----------  --------------  -------------------
/opt/airflow/dags/penguins_pipeline.py  87646  0.44s             1           0  0.56s           2025-09-08T00:41:07
================================================================================
[2025-09-08T00:41:38.517+0000] {manager.py:878} INFO - 
================================================================================
DAG File Processing Stats

File Path                                 PID  Runtime      # DAGs    # Errors  Last Runtime    Last Run
--------------------------------------  -----  ---------  --------  ----------  --------------  -------------------
/opt/airflow/dags/penguins_pipeline.py  88348  0.00s             1           0  0.57s           2025-09-08T00:41:38
================================================================================
[2025-09-08T00:42:08.587+0000] {manager.py:878} INFO - 
================================================================================
DAG File Processing Stats

File Path                                 PID  Runtime      # DAGs    # Errors  Last Runtime    Last Run
--------------------------------------  -----  ---------  --------  ----------  --------------  -------------------
/opt/airflow/dags/penguins_pipeline.py  88998  0.45s             1           0  0.55s           2025-09-08T00:42:08
================================================================================
[2025-09-08T00:42:38.866+0000] {manager.py:878} INFO - 
================================================================================
DAG File Processing Stats

File Path                                 PID  Runtime      # DAGs    # Errors  Last Runtime    Last Run
--------------------------------------  -----  ---------  --------  ----------  --------------  -------------------
/opt/airflow/dags/penguins_pipeline.py  89700  0.00s             1           0  0.55s           2025-09-08T00:42:38
================================================================================
[2025-09-08T00:43:09.123+0000] {manager.py:878} INFO - 
================================================================================
DAG File Processing Stats

File Path                                 PID  Runtime      # DAGs    # Errors  Last Runtime    Last Run
--------------------------------------  -----  ---------  --------  ----------  --------------  -------------------
/opt/airflow/dags/penguins_pipeline.py  90376  0.00s             1           0  0.53s           2025-09-08T00:43:09
================================================================================
[2025-09-08T00:43:39.475+0000] {manager.py:878} INFO - 
================================================================================
DAG File Processing Stats

File Path                                 PID  Runtime      # DAGs    # Errors  Last Runtime    Last Run
--------------------------------------  -----  ---------  --------  ----------  --------------  -------------------
/opt/airflow/dags/penguins_pipeline.py  91039  0.43s             1           0  0.57s           2025-09-08T00:43:39
================================================================================
[2025-09-08T00:44:09.774+0000] {manager.py:878} INFO - 
================================================================================
DAG File Processing Stats

File Path                                 PID  Runtime      # DAGs    # Errors  Last Runtime    Last Run
--------------------------------------  -----  ---------  --------  ----------  --------------  -------------------
/opt/airflow/dags/penguins_pipeline.py  91650  0.63s             1           0  0.64s           2025-09-08T00:44:08
================================================================================
[2025-09-08T00:44:37.037+0000] {manager.py:737} INFO - Searching for files in /opt/airflow/dags
[2025-09-08T00:44:37.050+0000] {manager.py:740} INFO - There are 1 files in /opt/airflow/dags
[2025-09-08T00:44:40.066+0000] {manager.py:878} INFO - 
================================================================================
DAG File Processing Stats

File Path                                 PID  Runtime      # DAGs    # Errors  Last Runtime    Last Run
--------------------------------------  -----  ---------  --------  ----------  --------------  -------------------
/opt/airflow/dags/penguins_pipeline.py  92261  0.34s             1           0  0.68s           2025-09-08T00:44:39
================================================================================
[2025-09-08T00:45:10.498+0000] {manager.py:878} INFO - 
================================================================================
DAG File Processing Stats

File Path                                 PID  Runtime      # DAGs    # Errors  Last Runtime    Last Run
--------------------------------------  -----  ---------  --------  ----------  --------------  -------------------
/opt/airflow/dags/penguins_pipeline.py  92885  0.00s             1           0  0.63s           2025-09-08T00:45:10
================================================================================
[2025-09-08T00:45:40.827+0000] {manager.py:878} INFO - 
================================================================================
DAG File Processing Stats

File Path                                 PID  Runtime      # DAGs    # Errors  Last Runtime    Last Run
--------------------------------------  -----  ---------  --------  ----------  --------------  -------------------
/opt/airflow/dags/penguins_pipeline.py  93561  0.00s             1           0  0.56s           2025-09-08T00:45:40
================================================================================
[2025-09-08T00:46:10.971+0000] {manager.py:878} INFO - 
================================================================================
DAG File Processing Stats

File Path                                 PID  Runtime      # DAGs    # Errors  Last Runtime    Last Run
--------------------------------------  -----  ---------  --------  ----------  --------------  -------------------
/opt/airflow/dags/penguins_pipeline.py  94263  0.00s             1           0  0.55s           2025-09-08T00:46:10
================================================================================
[2025-09-08T00:46:41.046+0000] {manager.py:878} INFO - 
================================================================================
DAG File Processing Stats

File Path                                 PID  Runtime      # DAGs    # Errors  Last Runtime    Last Run
--------------------------------------  -----  ---------  --------  ----------  --------------  -------------------
/opt/airflow/dags/penguins_pipeline.py  94952  0.00s             1           0  0.57s           2025-09-08T00:46:41
================================================================================
[2025-09-08T00:47:11.107+0000] {manager.py:878} INFO - 
================================================================================
DAG File Processing Stats

File Path                                 PID  Runtime      # DAGs    # Errors  Last Runtime    Last Run
--------------------------------------  -----  ---------  --------  ----------  --------------  -------------------
/opt/airflow/dags/penguins_pipeline.py  95628  0.00s             1           0  0.54s           2025-09-08T00:47:11
================================================================================
[2025-09-08T00:47:41.648+0000] {manager.py:878} INFO - 
================================================================================
DAG File Processing Stats

File Path                                 PID  Runtime      # DAGs    # Errors  Last Runtime    Last Run
--------------------------------------  -----  ---------  --------  ----------  --------------  -------------------
/opt/airflow/dags/penguins_pipeline.py  96343  0.00s             1           0  0.54s           2025-09-08T00:47:41
================================================================================
[2025-09-08T00:48:11.852+0000] {manager.py:878} INFO - 
================================================================================
DAG File Processing Stats

File Path                                 PID  Runtime      # DAGs    # Errors  Last Runtime    Last Run
--------------------------------------  -----  ---------  --------  ----------  --------------  -------------------
/opt/airflow/dags/penguins_pipeline.py  97045  0.00s             1           0  0.56s           2025-09-08T00:48:11
================================================================================
[2025-09-08T00:48:42.006+0000] {manager.py:878} INFO - 
================================================================================
DAG File Processing Stats

File Path                                 PID  Runtime      # DAGs    # Errors  Last Runtime    Last Run
--------------------------------------  -----  ---------  --------  ----------  --------------  -------------------
/opt/airflow/dags/penguins_pipeline.py  97734  0.00s             1           0  0.64s           2025-09-08T00:48:41
================================================================================
[2025-09-08T00:49:12.075+0000] {manager.py:878} INFO - 
================================================================================
DAG File Processing Stats

File Path                                 PID  Runtime      # DAGs    # Errors  Last Runtime    Last Run
--------------------------------------  -----  ---------  --------  ----------  --------------  -------------------
/opt/airflow/dags/penguins_pipeline.py  98332  0.37s             1           0  0.63s           2025-09-08T00:49:11
================================================================================
[2025-09-08T00:49:37.438+0000] {manager.py:737} INFO - Searching for files in /opt/airflow/dags
[2025-09-08T00:49:37.452+0000] {manager.py:740} INFO - There are 1 files in /opt/airflow/dags
[2025-09-08T00:49:42.388+0000] {manager.py:878} INFO - 
================================================================================
DAG File Processing Stats

File Path                                 PID  Runtime      # DAGs    # Errors  Last Runtime    Last Run
--------------------------------------  -----  ---------  --------  ----------  --------------  -------------------
/opt/airflow/dags/penguins_pipeline.py  98943  0.36s             1           0  0.63s           2025-09-08T00:49:42
================================================================================
[2025-09-08T00:50:12.413+0000] {manager.py:878} INFO - 
================================================================================
DAG File Processing Stats

File Path                                 PID  Runtime      # DAGs    # Errors  Last Runtime    Last Run
--------------------------------------  -----  ---------  --------  ----------  --------------  -------------------
/opt/airflow/dags/penguins_pipeline.py  99554  0.38s             1           0  0.62s           2025-09-08T00:50:12
================================================================================
[2025-09-08T00:50:42.658+0000] {manager.py:878} INFO - 
================================================================================
DAG File Processing Stats

File Path                                 PID  Runtime      # DAGs    # Errors  Last Runtime    Last Run
--------------------------------------  -----  ---------  --------  ----------  --------------  -------------------
/opt/airflow/dags/penguins_pipeline.py    531  0.00s             1           0  0.57s           2025-09-08T00:50:42
================================================================================
[2025-09-08T00:51:13.178+0000] {manager.py:878} INFO - 
================================================================================
DAG File Processing Stats

File Path                                 PID  Runtime      # DAGs    # Errors  Last Runtime    Last Run
--------------------------------------  -----  ---------  --------  ----------  --------------  -------------------
/opt/airflow/dags/penguins_pipeline.py   1233  0.00s             1           0  0.58s           2025-09-08T00:51:13
================================================================================
[2025-09-08T00:51:43.667+0000] {manager.py:878} INFO - 
================================================================================
DAG File Processing Stats

File Path                                 PID  Runtime      # DAGs    # Errors  Last Runtime    Last Run
--------------------------------------  -----  ---------  --------  ----------  --------------  -------------------
/opt/airflow/dags/penguins_pipeline.py   1935  0.00s             1           0  0.53s           2025-09-08T00:51:43
================================================================================
[2025-09-08T00:52:13.746+0000] {manager.py:878} INFO - 
================================================================================
DAG File Processing Stats

File Path                                 PID  Runtime      # DAGs    # Errors  Last Runtime    Last Run
--------------------------------------  -----  ---------  --------  ----------  --------------  -------------------
/opt/airflow/dags/penguins_pipeline.py   2637  0.46s             1           0  0.54s           2025-09-08T00:52:13
================================================================================
[2025-09-08T00:52:44.132+0000] {manager.py:878} INFO - 
================================================================================
DAG File Processing Stats

File Path                                 PID  Runtime      # DAGs    # Errors  Last Runtime    Last Run
--------------------------------------  -----  ---------  --------  ----------  --------------  -------------------
/opt/airflow/dags/penguins_pipeline.py   3300  0.00s             1           0  0.63s           2025-09-08T00:52:44
================================================================================
[2025-09-08T00:53:14.282+0000] {manager.py:878} INFO - 
================================================================================
DAG File Processing Stats

File Path                                 PID  Runtime      # DAGs    # Errors  Last Runtime    Last Run
--------------------------------------  -----  ---------  --------  ----------  --------------  -------------------
/opt/airflow/dags/penguins_pipeline.py   3898  0.00s             1           0  0.63s           2025-09-08T00:53:14
================================================================================
[2025-09-08T00:53:44.347+0000] {manager.py:878} INFO - 
================================================================================
DAG File Processing Stats

File Path                                 PID  Runtime      # DAGs    # Errors  Last Runtime    Last Run
--------------------------------------  -----  ---------  --------  ----------  --------------  -------------------
/opt/airflow/dags/penguins_pipeline.py   4496  0.31s             1           0  0.70s           2025-09-08T00:53:44
================================================================================
[2025-09-08T00:54:14.659+0000] {manager.py:878} INFO - 
================================================================================
DAG File Processing Stats

File Path                                 PID  Runtime      # DAGs    # Errors  Last Runtime    Last Run
--------------------------------------  -----  ---------  --------  ----------  --------------  -------------------
/opt/airflow/dags/penguins_pipeline.py   5133  0.00s             1           0  0.57s           2025-09-08T00:54:14
================================================================================
[2025-09-08T00:54:37.646+0000] {manager.py:737} INFO - Searching for files in /opt/airflow/dags
[2025-09-08T00:54:37.663+0000] {manager.py:740} INFO - There are 1 files in /opt/airflow/dags
[2025-09-08T00:54:44.666+0000] {manager.py:878} INFO - 
================================================================================
DAG File Processing Stats

File Path                                 PID  Runtime      # DAGs    # Errors  Last Runtime    Last Run
--------------------------------------  -----  ---------  --------  ----------  --------------  -------------------
/opt/airflow/dags/penguins_pipeline.py   5822  0.00s             1           0  0.62s           2025-09-08T00:54:44
================================================================================
[2025-09-08T00:55:14.816+0000] {manager.py:878} INFO - 
================================================================================
DAG File Processing Stats

File Path                                 PID  Runtime      # DAGs    # Errors  Last Runtime    Last Run
--------------------------------------  -----  ---------  --------  ----------  --------------  -------------------
/opt/airflow/dags/penguins_pipeline.py   6511  0.00s             1           0  0.57s           2025-09-08T00:55:14
================================================================================
[2025-09-08T00:55:45.177+0000] {manager.py:878} INFO - 
================================================================================
DAG File Processing Stats

File Path                                 PID  Runtime      # DAGs    # Errors  Last Runtime    Last Run
--------------------------------------  -----  ---------  --------  ----------  --------------  -------------------
/opt/airflow/dags/penguins_pipeline.py   7213  0.45s             1           0  0.55s           2025-09-08T00:55:44
================================================================================
[2025-09-08T00:56:15.246+0000] {manager.py:878} INFO - 
================================================================================
DAG File Processing Stats

File Path                                 PID  Runtime      # DAGs    # Errors  Last Runtime    Last Run
--------------------------------------  -----  ---------  --------  ----------  --------------  -------------------
/opt/airflow/dags/penguins_pipeline.py   7928  0.00s             1           0  0.64s           2025-09-08T00:56:15
================================================================================
[2025-09-08T00:56:45.656+0000] {manager.py:878} INFO - 
================================================================================
DAG File Processing Stats

File Path                                 PID  Runtime      # DAGs    # Errors  Last Runtime    Last Run
--------------------------------------  -----  ---------  --------  ----------  --------------  -------------------
/opt/airflow/dags/penguins_pipeline.py   8565  0.00s             1           0  0.65s           2025-09-08T00:56:45
================================================================================
